2024-05-10 00:21:52,369 - INFO - admin added a new book 'die' with ISBN: 1.
2024-05-10 00:22:07,477 - INFO - admin viewed all books.
2024-05-10 00:27:07,923 - INFO - admin viewed all books.
2024-05-10 14:20:56,426 - INFO - admin added a new book 'die' with ISBN: 1.
2024-05-10 14:22:12,678 - INFO - admin added a new book 'die' with ISBN: 1.
2024-05-10 14:22:21,082 - INFO - admin viewed all books.
2024-05-10 14:53:33,549 - INFO - leroy added a new book 'die' with ISBN: 1.
2024-05-10 14:53:41,886 - INFO - leroy viewed all books.
2024-05-10 15:56:28,813 - INFO - leroy added a new book 'die' with ISBN: 1.
2024-05-10 16:01:48,012 - INFO - admin viewed all books.
2024-05-10 16:02:07,803 - INFO - admin added a new book 'die' with ISBN: 1.
2024-05-10 16:02:56,413 - INFO - admin added a new book 'live' with ISBN: 2.
2024-05-10 16:02:57,659 - INFO - admin viewed all books.
2024-05-10 16:06:15,504 - INFO - lala added a new book 'die' with ISBN: 1.
2024-05-10 16:11:05,065 - INFO - admin viewed all books.
2024-05-10 16:11:53,510 - INFO - admin added a new book 'die' with ISBN: 4.
2024-05-10 16:12:28,341 - INFO - admin updated book with ISBN: 4.
2024-05-10 16:12:31,198 - INFO - admin viewed all books.
2024-05-10 16:15:32,249 - INFO - admin added a new book 'w' with ISBN: 12.
2024-05-10 16:16:17,275 - INFO - admin added a new book 'e' with ISBN: 12.
2024-05-10 16:16:36,989 - INFO - admin viewed all books.
2024-05-10 16:20:26,774 - INFO - admin added a new book 'e' with ISBN: 1.
2024-05-10 16:22:28,053 - INFO - admin viewed all books.
2024-05-10 16:22:56,061 - INFO - admin added a new book 'ew' with ISBN: 9.
2024-05-10 16:23:00,125 - INFO - admin viewed all books.
2024-05-10 16:27:18,573 - INFO - admin added a new book 'w' with ISBN: 1.
2024-05-10 16:29:32,576 - INFO - admin added a new book 'eee' with ISBN: 56.
2024-05-10 16:30:15,885 - INFO - admin deleted book with ISBN: 56.
2024-05-10 16:30:19,325 - INFO - admin viewed all books.
2024-05-10 16:31:05,814 - INFO - admin added a new book 'live' with ISBN: 78.
2024-05-10 16:31:08,438 - INFO - admin viewed all books.
2024-05-10 16:31:29,175 - INFO - admin sorted books by publisher.
2024-05-10 16:31:39,648 - INFO - admin sorted books by number of copies.
2024-05-10 16:35:46,087 - INFO - lala viewed all books.
2024-05-10 16:54:08,176 - INFO - q added a new book 'hello' with ISBN: 1.
2024-05-10 16:54:11,737 - INFO - q viewed all books.
2024-05-10 16:54:35,760 - INFO - admin viewed all books.
2024-05-10 16:55:10,872 - INFO - librarian viewed all books.
2024-05-10 18:27:29,073 - INFO - admin added a new book 'w' with ISBN: 1.
2024-05-10 18:27:44,773 - INFO - admin added a new book 'kkkk' with ISBN: 3.
2024-05-10 18:27:59,660 - INFO - admin sorted books by publisher.
2024-05-10 18:35:48,061 - INFO - admin added a new book 'w' with ISBN: 1.
2024-05-10 18:35:56,952 - INFO - admin added a new book 'f' with ISBN: 45.
2024-05-10 18:36:00,565 - INFO - admin sorted books by publisher.
2024-05-10 18:49:57,758 - INFO - lala added a new book 'w' with ISBN: 3.
2024-05-10 18:50:49,576 - INFO - lala added a new book 'r' with ISBN: 90.
2024-05-10 18:50:54,023 - INFO - lala sorted books by number of copies.
2024-05-10 18:53:24,188 - INFO - lala added a new book 'ckck' with ISBN: 7.
2024-05-10 18:53:25,902 - INFO - lala sorted books by number of copies.
2024-05-10 18:59:46,284 - INFO - admin added a new book 'e' with ISBN: 2.
2024-05-10 18:59:57,297 - INFO - admin added a new book 'd' with ISBN: 66.
2024-05-10 18:59:58,503 - INFO - admin sorted books by number of copies.
2024-05-10 20:30:59,140 - INFO - lala added a new book 'w' with ISBN: 1.
2024-05-10 22:14:13,923 - INFO - admin viewed all books.
2024-05-10 22:15:42,408 - INFO - librarian sorted books by number of copies.
2024-05-20 21:05:46,305 - INFO - admin added a new book 'wet' with ISBN: 1.
2024-05-20 21:06:14,119 - INFO - admin viewed all books.
2024-05-20 21:40:33,975 - INFO - admin added a new book 'wet' with ISBN: 1.
2024-05-20 21:40:36,587 - INFO - admin viewed all books.
2024-05-20 21:41:43,287 - INFO - admin viewed all books.
2024-05-20 21:45:42,134 - INFO - admin added a new book 'wet' with ISBN: 2.
2024-05-20 21:45:43,753 - INFO - admin viewed all books.
2024-05-20 21:46:01,580 - INFO - admin viewed all books.
2024-05-20 21:46:43,368 - INFO - admin viewed all books.
2024-05-20 21:56:24,188 - INFO - admin added a new book 'wet' with ISBN: 1.
2024-05-20 21:56:27,134 - INFO - admin viewed all books.
2024-05-20 21:56:47,103 - INFO - admin viewed all books.
2024-05-20 22:32:18,217 - INFO - admin viewed all books.
2024-05-20 22:32:57,649 - INFO - admin added a new book 'go' with ISBN: 2.
2024-05-20 22:32:59,304 - INFO - admin viewed all books.
2024-05-20 22:33:25,932 - INFO - admin viewed all books.
2024-05-20 22:34:22,386 - INFO - librarian viewed all books.
2024-05-20 22:57:50,072 - INFO - librarian sorted books by publisher.
2024-05-20 23:03:20,177 - INFO - admin viewed all books.
2024-05-20 23:03:49,441 - INFO - admin sorted books by publisher.
2024-05-20 23:03:55,375 - INFO - admin sorted books by number of copies.
2024-05-20 23:06:05,027 - INFO - lala sorted books by publisher.
2024-05-20 23:06:09,629 - INFO - lala sorted books by number of copies.
2024-05-29 20:44:45,418 - INFO - customer viewed all books.
2024-05-29 20:45:00,662 - INFO - customer borrowed book with ISBN: 2.
2024-05-29 20:45:04,138 - INFO - customer viewed all books.
2024-05-29 21:10:18,588 - INFO - customer viewed all books.
2024-05-29 21:10:25,867 - INFO - customer searched for books with title containing 'go'.
2024-05-29 21:27:37,943 - INFO - customer viewed all books.
2024-05-29 22:37:04,243 - INFO - customer viewed all books.
2024-05-29 22:43:33,019 - INFO - customer viewed all books.
2024-05-29 22:45:02,803 - INFO - customer viewed all books.
2024-05-29 22:49:53,874 - INFO - admin added a new book 'joy' with ISBN: 30.
2024-05-29 22:51:46,012 - INFO - admin added a new book 'midget' with ISBN: 50.
2024-05-29 22:53:02,840 - INFO - customer viewed all books.
2024-05-29 22:56:23,236 - INFO - customer borrowed book with ISBN: 30.
2024-05-29 22:56:28,158 - INFO - customer viewed all books.
2024-05-29 22:57:09,333 - INFO - customer borrowed book with ISBN: 30.
2024-05-29 22:57:13,222 - INFO - customer viewed all books.
2024-05-29 22:59:44,039 - INFO - admin viewed all books.
2024-05-29 23:01:08,080 - INFO - admin updated book with ISBN: 30.
2024-05-29 23:01:11,446 - INFO - admin viewed all books.
2024-05-29 23:01:37,002 - INFO - admin viewed all books.
2024-05-29 23:02:21,333 - INFO - admin updated book with ISBN: 30.
2024-05-29 23:51:26,262 - INFO - admin viewed all books.
2024-05-29 23:52:20,924 - INFO - admin added a new book 'sleepy' with ISBN: 100.
2024-05-29 23:52:22,248 - INFO - admin viewed all books.
2024-05-29 23:55:05,037 - INFO - admin viewed all books.
2024-05-29 23:56:19,318 - INFO - admin added a new book 'angry' with ISBN: 40.
2024-05-29 23:56:20,871 - INFO - admin viewed all books.
2024-05-30 00:22:02,617 - INFO - librarian viewed all books.
2024-05-30 00:22:09,424 - INFO - librarian sorted books by publisher.
2024-05-30 00:22:20,422 - INFO - librarian sorted books by number of copies.
2024-05-30 08:40:59,318 - INFO - mommy viewed all books.
2024-05-30 08:42:43,572 - INFO - mommy borrowed book with ISBN: 40.
2024-05-30 08:42:50,438 - INFO - mommy viewed all books.
2024-05-30 09:11:54,567 - INFO - Password for user 'mommy' was reset by the admin.
